<?xml version="1.0" encoding="UTF-8"?>
<!-- Generated by org.testng.reporters.JUnitReportReporter -->
<testsuite hostname="DESKTOP-OBJ861D" name="com.test.TestNGBasics" tests="2" failures="0" timestamp="16 Feb 2021 10:53:48 GMT" time="0.008" errors="0">
  <testcase name="searchTest" time="0.001" classname="com.test.TestNGBasics"/>
  <testcase name="googleTitleTest" time="0.007" classname="com.test.TestNGBasics"/>
</testsuite> <!-- com.test.TestNGBasics -->
